2024-08-13 13:25:16,589 DEBUG    root            Loaded Command Group: ['gcloud', 'components']
2024-08-13 13:25:16,594 DEBUG    root            Loaded Command Group: ['gcloud', 'components', 'update']
2024-08-13 13:25:16,597 DEBUG    root            Running [gcloud.components.update] with arguments: [--allow-no-backup: "True", --compile-python: "True", --quiet: "True", COMPONENT-IDS:6: "['core', 'gcloud-deps', 'bq', 'gcloud', 'gcloud-crc32c', 'gsutil']"]
2024-08-13 13:25:16,598 INFO     ___FILE_ONLY___ Beginning update. This process may take several minutes.

2024-08-13 13:25:16,639 DEBUG    urllib3.connectionpool Starting new HTTPS connection (1): dl.google.com:443
2024-08-13 13:25:16,765 DEBUG    urllib3.connectionpool https://dl.google.com:443 "GET /dl/cloudsdk/channels/rapid/components-2.json HTTP/1.1" 200 223380
2024-08-13 13:25:16,786 INFO     ___FILE_ONLY___ 

2024-08-13 13:25:16,787 INFO     ___FILE_ONLY___ 
Your current Google Cloud CLI version is: 488.0.0

2024-08-13 13:25:16,787 INFO     ___FILE_ONLY___ Installing components from version: 488.0.0

2024-08-13 13:25:16,787 INFO     ___FILE_ONLY___ 

2024-08-13 13:25:16,787 DEBUG    root            Chosen display Format:table[box,title="These components will be removed."](details.display_name:label=Name:align=left,version.version_string:label=Version:align=right,data.size.size(zero="",min=1048576):label=Size:align=right)
2024-08-13 13:25:16,788 DEBUG    root            Chosen display Format:table[box,title="These components will be updated."](details.display_name:label=Name:align=left,version.version_string:label=Version:align=right,data.size.size(zero="",min=1048576):label=Size:align=right)
2024-08-13 13:25:16,789 DEBUG    root            Chosen display Format:table[box,title="These components will be installed."](details.display_name:label=Name:align=left,version.version_string:label=Version:align=right,data.size.size(zero="",min=1048576):label=Size:align=right)
2024-08-13 13:25:16,842 INFO     ___FILE_ONLY___ ┌─────────────────────────────────────────────────────────────────────────────┐
2024-08-13 13:25:16,842 INFO     ___FILE_ONLY___ 

2024-08-13 13:25:16,842 INFO     ___FILE_ONLY___ │                     These components will be installed.                     │
2024-08-13 13:25:16,842 INFO     ___FILE_ONLY___ 

2024-08-13 13:25:16,842 INFO     ___FILE_ONLY___ ├─────────────────────────────────────────────────────┬────────────┬──────────┤
2024-08-13 13:25:16,842 INFO     ___FILE_ONLY___ 

2024-08-13 13:25:16,842 INFO     ___FILE_ONLY___ │                         Name                        │  Version   │   Size   │
2024-08-13 13:25:16,843 INFO     ___FILE_ONLY___ 

2024-08-13 13:25:16,843 INFO     ___FILE_ONLY___ ├─────────────────────────────────────────────────────┼────────────┼──────────┤
2024-08-13 13:25:16,843 INFO     ___FILE_ONLY___ 

2024-08-13 13:25:16,843 INFO     ___FILE_ONLY___ │ 
2024-08-13 13:25:16,843 INFO     ___FILE_ONLY___ BigQuery Command Line Tool                         
2024-08-13 13:25:16,843 INFO     ___FILE_ONLY___  
2024-08-13 13:25:16,843 INFO     ___FILE_ONLY___ │ 
2024-08-13 13:25:16,843 INFO     ___FILE_ONLY___      2.1.8
2024-08-13 13:25:16,843 INFO     ___FILE_ONLY___  
2024-08-13 13:25:16,844 INFO     ___FILE_ONLY___ │ 
2024-08-13 13:25:16,844 INFO     ___FILE_ONLY___  1.7 MiB
2024-08-13 13:25:16,844 INFO     ___FILE_ONLY___  
2024-08-13 13:25:16,844 INFO     ___FILE_ONLY___ │
2024-08-13 13:25:16,844 INFO     ___FILE_ONLY___ 

2024-08-13 13:25:16,844 INFO     ___FILE_ONLY___ │ 
2024-08-13 13:25:16,844 INFO     ___FILE_ONLY___ BigQuery Command Line Tool (Platform Specific)     
2024-08-13 13:25:16,844 INFO     ___FILE_ONLY___  
2024-08-13 13:25:16,844 INFO     ___FILE_ONLY___ │ 
2024-08-13 13:25:16,845 INFO     ___FILE_ONLY___    2.0.101
2024-08-13 13:25:16,845 INFO     ___FILE_ONLY___  
2024-08-13 13:25:16,845 INFO     ___FILE_ONLY___ │ 
2024-08-13 13:25:16,845 INFO     ___FILE_ONLY___  < 1 MiB
2024-08-13 13:25:16,845 INFO     ___FILE_ONLY___  
2024-08-13 13:25:16,845 INFO     ___FILE_ONLY___ │
2024-08-13 13:25:16,845 INFO     ___FILE_ONLY___ 

2024-08-13 13:25:16,845 INFO     ___FILE_ONLY___ │ 
2024-08-13 13:25:16,846 INFO     ___FILE_ONLY___ Bundled Python 3.11 (Platform Specific)            
2024-08-13 13:25:16,846 INFO     ___FILE_ONLY___  
2024-08-13 13:25:16,846 INFO     ___FILE_ONLY___ │ 
2024-08-13 13:25:16,846 INFO     ___FILE_ONLY___     3.11.9
2024-08-13 13:25:16,846 INFO     ___FILE_ONLY___  
2024-08-13 13:25:16,846 INFO     ___FILE_ONLY___ │ 
2024-08-13 13:25:16,846 INFO     ___FILE_ONLY___ 74.2 MiB
2024-08-13 13:25:16,846 INFO     ___FILE_ONLY___  
2024-08-13 13:25:16,846 INFO     ___FILE_ONLY___ │
2024-08-13 13:25:16,847 INFO     ___FILE_ONLY___ 

2024-08-13 13:25:16,847 INFO     ___FILE_ONLY___ │ 
2024-08-13 13:25:16,847 INFO     ___FILE_ONLY___ Cloud Storage Command Line Tool                    
2024-08-13 13:25:16,847 INFO     ___FILE_ONLY___  
2024-08-13 13:25:16,847 INFO     ___FILE_ONLY___ │ 
2024-08-13 13:25:16,847 INFO     ___FILE_ONLY___       5.30
2024-08-13 13:25:16,847 INFO     ___FILE_ONLY___  
2024-08-13 13:25:16,847 INFO     ___FILE_ONLY___ │ 
2024-08-13 13:25:16,848 INFO     ___FILE_ONLY___ 11.3 MiB
2024-08-13 13:25:16,848 INFO     ___FILE_ONLY___  
2024-08-13 13:25:16,848 INFO     ___FILE_ONLY___ │
2024-08-13 13:25:16,848 INFO     ___FILE_ONLY___ 

2024-08-13 13:25:16,848 INFO     ___FILE_ONLY___ │ 
2024-08-13 13:25:16,848 INFO     ___FILE_ONLY___ Cloud Storage Command Line Tool (Platform Specific)
2024-08-13 13:25:16,848 INFO     ___FILE_ONLY___  
2024-08-13 13:25:16,848 INFO     ___FILE_ONLY___ │ 
2024-08-13 13:25:16,849 INFO     ___FILE_ONLY___       5.27
2024-08-13 13:25:16,849 INFO     ___FILE_ONLY___  
2024-08-13 13:25:16,849 INFO     ___FILE_ONLY___ │ 
2024-08-13 13:25:16,849 INFO     ___FILE_ONLY___  < 1 MiB
2024-08-13 13:25:16,849 INFO     ___FILE_ONLY___  
2024-08-13 13:25:16,850 INFO     ___FILE_ONLY___ │
2024-08-13 13:25:16,850 INFO     ___FILE_ONLY___ 

2024-08-13 13:25:16,850 INFO     ___FILE_ONLY___ │ 
2024-08-13 13:25:16,850 INFO     ___FILE_ONLY___ Google Cloud CLI Core Libraries (Platform Specific)
2024-08-13 13:25:16,850 INFO     ___FILE_ONLY___  
2024-08-13 13:25:16,850 INFO     ___FILE_ONLY___ │ 
2024-08-13 13:25:16,851 INFO     ___FILE_ONLY___ 2024.01.06
2024-08-13 13:25:16,851 INFO     ___FILE_ONLY___  
2024-08-13 13:25:16,851 INFO     ___FILE_ONLY___ │ 
2024-08-13 13:25:16,851 INFO     ___FILE_ONLY___  < 1 MiB
2024-08-13 13:25:16,852 INFO     ___FILE_ONLY___  
2024-08-13 13:25:16,852 INFO     ___FILE_ONLY___ │
2024-08-13 13:25:16,852 INFO     ___FILE_ONLY___ 

2024-08-13 13:25:16,852 INFO     ___FILE_ONLY___ │ 
2024-08-13 13:25:16,852 INFO     ___FILE_ONLY___ Google Cloud CRC32C Hash Tool (Platform Specific)  
2024-08-13 13:25:16,852 INFO     ___FILE_ONLY___  
2024-08-13 13:25:16,853 INFO     ___FILE_ONLY___ │ 
2024-08-13 13:25:16,853 INFO     ___FILE_ONLY___      1.0.0
2024-08-13 13:25:16,853 INFO     ___FILE_ONLY___  
2024-08-13 13:25:16,853 INFO     ___FILE_ONLY___ │ 
2024-08-13 13:25:16,854 INFO     ___FILE_ONLY___  1.3 MiB
2024-08-13 13:25:16,854 INFO     ___FILE_ONLY___  
2024-08-13 13:25:16,854 INFO     ___FILE_ONLY___ │
2024-08-13 13:25:16,854 INFO     ___FILE_ONLY___ 

2024-08-13 13:25:16,854 INFO     ___FILE_ONLY___ │ 
2024-08-13 13:25:16,854 INFO     ___FILE_ONLY___ gcloud cli dependencies (Platform Specific)        
2024-08-13 13:25:16,855 INFO     ___FILE_ONLY___  
2024-08-13 13:25:16,855 INFO     ___FILE_ONLY___ │ 
2024-08-13 13:25:16,855 INFO     ___FILE_ONLY___ 2021.04.16
2024-08-13 13:25:16,855 INFO     ___FILE_ONLY___  
2024-08-13 13:25:16,855 INFO     ___FILE_ONLY___ │ 
2024-08-13 13:25:16,855 INFO     ___FILE_ONLY___  < 1 MiB
2024-08-13 13:25:16,855 INFO     ___FILE_ONLY___  
2024-08-13 13:25:16,855 INFO     ___FILE_ONLY___ │
2024-08-13 13:25:16,856 INFO     ___FILE_ONLY___ 

2024-08-13 13:25:16,856 INFO     ___FILE_ONLY___ └─────────────────────────────────────────────────────┴────────────┴──────────┘
2024-08-13 13:25:16,856 INFO     ___FILE_ONLY___ 

2024-08-13 13:25:16,856 INFO     ___FILE_ONLY___ 

2024-08-13 13:25:16,860 DEBUG    urllib3.connectionpool Starting new HTTPS connection (1): dl.google.com:443
2024-08-13 13:25:16,985 DEBUG    urllib3.connectionpool https://dl.google.com:443 "GET /dl/cloudsdk/channels/rapid/RELEASE_NOTES HTTP/1.1" 200 1256061
2024-08-13 13:25:17,050 INFO     ___FILE_ONLY___ For the latest full release notes, please visit:
  https://cloud.google.com/sdk/release_notes


2024-08-13 13:25:17,050 INFO     ___FILE_ONLY___ Performing in place update...


2024-08-13 13:25:17,053 INFO     ___FILE_ONLY___ ╔════════════════════════════════════════════════════════════╗

2024-08-13 13:25:17,053 INFO     ___FILE_ONLY___ ╠═ Downloading: BigQuery Command Line Tool                  ═╣

2024-08-13 13:25:17,053 INFO     ___FILE_ONLY___ ╚
2024-08-13 13:25:17,058 DEBUG    urllib3.connectionpool Starting new HTTPS connection (1): dl.google.com:443
2024-08-13 13:25:17,172 DEBUG    urllib3.connectionpool https://dl.google.com:443 "GET /dl/cloudsdk/channels/rapid/components/google-cloud-sdk-bq-20240809134940.tar.gz HTTP/1.1" 200 1818407
2024-08-13 13:25:17,189 INFO     ___FILE_ONLY___ ═
2024-08-13 13:25:17,189 INFO     ___FILE_ONLY___ ═
2024-08-13 13:25:17,189 INFO     ___FILE_ONLY___ ═
2024-08-13 13:25:17,190 INFO     ___FILE_ONLY___ ═
2024-08-13 13:25:17,190 INFO     ___FILE_ONLY___ ═
2024-08-13 13:25:17,190 INFO     ___FILE_ONLY___ ═
2024-08-13 13:25:17,190 INFO     ___FILE_ONLY___ ═
2024-08-13 13:25:17,191 INFO     ___FILE_ONLY___ ═
2024-08-13 13:25:17,191 INFO     ___FILE_ONLY___ ═
2024-08-13 13:25:17,191 INFO     ___FILE_ONLY___ ═
2024-08-13 13:25:17,191 INFO     ___FILE_ONLY___ ═
2024-08-13 13:25:17,191 INFO     ___FILE_ONLY___ ═
2024-08-13 13:25:17,192 INFO     ___FILE_ONLY___ ═
2024-08-13 13:25:17,192 INFO     ___FILE_ONLY___ ═
2024-08-13 13:25:17,192 INFO     ___FILE_ONLY___ ═
2024-08-13 13:25:17,192 INFO     ___FILE_ONLY___ ═
2024-08-13 13:25:17,192 INFO     ___FILE_ONLY___ ═
2024-08-13 13:25:17,193 INFO     ___FILE_ONLY___ ═
2024-08-13 13:25:17,193 INFO     ___FILE_ONLY___ ═
2024-08-13 13:25:17,193 INFO     ___FILE_ONLY___ ═
2024-08-13 13:25:17,193 INFO     ___FILE_ONLY___ ═
2024-08-13 13:25:17,193 INFO     ___FILE_ONLY___ ═
2024-08-13 13:25:17,194 INFO     ___FILE_ONLY___ ═
2024-08-13 13:25:17,194 INFO     ___FILE_ONLY___ ═
2024-08-13 13:25:17,194 INFO     ___FILE_ONLY___ ═
2024-08-13 13:25:17,194 INFO     ___FILE_ONLY___ ═
2024-08-13 13:25:17,194 INFO     ___FILE_ONLY___ ═
2024-08-13 13:25:17,195 INFO     ___FILE_ONLY___ ═
2024-08-13 13:25:17,195 INFO     ___FILE_ONLY___ ═
2024-08-13 13:25:17,195 INFO     ___FILE_ONLY___ ═
2024-08-13 13:25:17,195 INFO     ___FILE_ONLY___ ═
2024-08-13 13:25:17,195 INFO     ___FILE_ONLY___ ═
2024-08-13 13:25:17,196 INFO     ___FILE_ONLY___ ═
2024-08-13 13:25:17,196 INFO     ___FILE_ONLY___ ═
2024-08-13 13:25:17,196 INFO     ___FILE_ONLY___ ═
2024-08-13 13:25:17,196 INFO     ___FILE_ONLY___ ═
2024-08-13 13:25:17,196 INFO     ___FILE_ONLY___ ═
2024-08-13 13:25:17,197 INFO     ___FILE_ONLY___ ═
2024-08-13 13:25:17,197 INFO     ___FILE_ONLY___ ═
2024-08-13 13:25:17,197 INFO     ___FILE_ONLY___ ═
2024-08-13 13:25:17,197 INFO     ___FILE_ONLY___ ═
2024-08-13 13:25:17,197 INFO     ___FILE_ONLY___ ═
2024-08-13 13:25:17,198 INFO     ___FILE_ONLY___ ═
2024-08-13 13:25:17,198 INFO     ___FILE_ONLY___ ═
2024-08-13 13:25:17,198 INFO     ___FILE_ONLY___ ═
2024-08-13 13:25:17,198 INFO     ___FILE_ONLY___ ═
2024-08-13 13:25:17,199 INFO     ___FILE_ONLY___ ═
2024-08-13 13:25:17,199 INFO     ___FILE_ONLY___ ═
2024-08-13 13:25:17,199 INFO     ___FILE_ONLY___ ═
2024-08-13 13:25:17,199 INFO     ___FILE_ONLY___ ═
2024-08-13 13:25:17,199 INFO     ___FILE_ONLY___ ═
2024-08-13 13:25:17,200 INFO     ___FILE_ONLY___ ═
2024-08-13 13:25:17,200 INFO     ___FILE_ONLY___ ═
2024-08-13 13:25:17,200 INFO     ___FILE_ONLY___ ═
2024-08-13 13:25:17,200 INFO     ___FILE_ONLY___ ═
2024-08-13 13:25:17,200 INFO     ___FILE_ONLY___ ═
2024-08-13 13:25:17,201 INFO     ___FILE_ONLY___ ═
2024-08-13 13:25:17,201 INFO     ___FILE_ONLY___ ═
2024-08-13 13:25:17,201 INFO     ___FILE_ONLY___ ═
2024-08-13 13:25:17,201 INFO     ___FILE_ONLY___ ═
2024-08-13 13:25:17,201 INFO     ___FILE_ONLY___ ╝

2024-08-13 13:25:17,204 INFO     ___FILE_ONLY___ ╔════════════════════════════════════════════════════════════╗

2024-08-13 13:25:17,204 INFO     ___FILE_ONLY___ ╠═ Downloading: BigQuery Command Line Tool (Platform Spe... ═╣

2024-08-13 13:25:17,204 INFO     ___FILE_ONLY___ ╚
2024-08-13 13:25:17,208 DEBUG    urllib3.connectionpool Starting new HTTPS connection (1): dl.google.com:443
2024-08-13 13:25:17,334 DEBUG    urllib3.connectionpool https://dl.google.com:443 "GET /dl/cloudsdk/channels/rapid/components/google-cloud-sdk-bq-nix-20240106004423.tar.gz HTTP/1.1" 200 2026
2024-08-13 13:25:17,335 INFO     ___FILE_ONLY___ ════════════════════════════════════════════════════════════
2024-08-13 13:25:17,335 INFO     ___FILE_ONLY___ ╝

2024-08-13 13:25:17,338 INFO     ___FILE_ONLY___ ╔════════════════════════════════════════════════════════════╗

2024-08-13 13:25:17,338 INFO     ___FILE_ONLY___ ╠═ Downloading: Bundled Python 3.11                         ═╣

2024-08-13 13:25:17,338 INFO     ___FILE_ONLY___ ╚
2024-08-13 13:25:17,338 INFO     ___FILE_ONLY___ ════════════════════════════════════════════════════════════
2024-08-13 13:25:17,339 INFO     ___FILE_ONLY___ ╝

2024-08-13 13:25:17,341 INFO     ___FILE_ONLY___ ╔════════════════════════════════════════════════════════════╗

2024-08-13 13:25:17,341 INFO     ___FILE_ONLY___ ╠═ Downloading: Bundled Python 3.11 (Platform Specific)     ═╣

2024-08-13 13:25:17,341 INFO     ___FILE_ONLY___ ╚
2024-08-13 13:25:17,345 DEBUG    urllib3.connectionpool Starting new HTTPS connection (1): dl.google.com:443
2024-08-13 13:25:17,467 DEBUG    urllib3.connectionpool https://dl.google.com:443 "GET /dl/cloudsdk/channels/rapid/components/google-cloud-sdk-bundled-python3-unix-linux-x86_64-20240806142304.tar.gz HTTP/1.1" 200 77768547
2024-08-13 13:25:17,916 INFO     ___FILE_ONLY___ ═
2024-08-13 13:25:17,920 INFO     ___FILE_ONLY___ ═
2024-08-13 13:25:17,923 INFO     ___FILE_ONLY___ ═
2024-08-13 13:25:17,926 INFO     ___FILE_ONLY___ ═
2024-08-13 13:25:17,929 INFO     ___FILE_ONLY___ ═
2024-08-13 13:25:17,932 INFO     ___FILE_ONLY___ ═
2024-08-13 13:25:17,936 INFO     ___FILE_ONLY___ ═
2024-08-13 13:25:17,939 INFO     ___FILE_ONLY___ ═
2024-08-13 13:25:17,942 INFO     ___FILE_ONLY___ ═
2024-08-13 13:25:17,945 INFO     ___FILE_ONLY___ ═
2024-08-13 13:25:17,949 INFO     ___FILE_ONLY___ ═
2024-08-13 13:25:17,952 INFO     ___FILE_ONLY___ ═
2024-08-13 13:25:17,955 INFO     ___FILE_ONLY___ ═
2024-08-13 13:25:17,958 INFO     ___FILE_ONLY___ ═
2024-08-13 13:25:17,962 INFO     ___FILE_ONLY___ ═
2024-08-13 13:25:17,965 INFO     ___FILE_ONLY___ ═
2024-08-13 13:25:17,968 INFO     ___FILE_ONLY___ ═
2024-08-13 13:25:17,971 INFO     ___FILE_ONLY___ ═
2024-08-13 13:25:17,975 INFO     ___FILE_ONLY___ ═
2024-08-13 13:25:17,978 INFO     ___FILE_ONLY___ ═
2024-08-13 13:25:17,981 INFO     ___FILE_ONLY___ ═
2024-08-13 13:25:17,984 INFO     ___FILE_ONLY___ ═
2024-08-13 13:25:17,987 INFO     ___FILE_ONLY___ ═
2024-08-13 13:25:17,991 INFO     ___FILE_ONLY___ ═
2024-08-13 13:25:17,994 INFO     ___FILE_ONLY___ ═
2024-08-13 13:25:17,997 INFO     ___FILE_ONLY___ ═
2024-08-13 13:25:18,000 INFO     ___FILE_ONLY___ ═
2024-08-13 13:25:18,004 INFO     ___FILE_ONLY___ ═
2024-08-13 13:25:18,007 INFO     ___FILE_ONLY___ ═
2024-08-13 13:25:18,010 INFO     ___FILE_ONLY___ ═
2024-08-13 13:25:18,013 INFO     ___FILE_ONLY___ ═
2024-08-13 13:25:18,017 INFO     ___FILE_ONLY___ ═
2024-08-13 13:25:18,020 INFO     ___FILE_ONLY___ ═
2024-08-13 13:25:18,023 INFO     ___FILE_ONLY___ ═
2024-08-13 13:25:18,026 INFO     ___FILE_ONLY___ ═
2024-08-13 13:25:18,029 INFO     ___FILE_ONLY___ ═
2024-08-13 13:25:18,033 INFO     ___FILE_ONLY___ ═
2024-08-13 13:25:18,036 INFO     ___FILE_ONLY___ ═
2024-08-13 13:25:18,039 INFO     ___FILE_ONLY___ ═
2024-08-13 13:25:18,042 INFO     ___FILE_ONLY___ ═
2024-08-13 13:25:18,046 INFO     ___FILE_ONLY___ ═
2024-08-13 13:25:18,049 INFO     ___FILE_ONLY___ ═
2024-08-13 13:25:18,052 INFO     ___FILE_ONLY___ ═
2024-08-13 13:25:18,055 INFO     ___FILE_ONLY___ ═
2024-08-13 13:25:18,059 INFO     ___FILE_ONLY___ ═
2024-08-13 13:25:18,062 INFO     ___FILE_ONLY___ ═
2024-08-13 13:25:18,065 INFO     ___FILE_ONLY___ ═
2024-08-13 13:25:18,069 INFO     ___FILE_ONLY___ ═
2024-08-13 13:25:18,073 INFO     ___FILE_ONLY___ ═
2024-08-13 13:25:18,076 INFO     ___FILE_ONLY___ ═
2024-08-13 13:25:18,079 INFO     ___FILE_ONLY___ ═
2024-08-13 13:25:18,083 INFO     ___FILE_ONLY___ ═
2024-08-13 13:25:18,086 INFO     ___FILE_ONLY___ ═
2024-08-13 13:25:18,089 INFO     ___FILE_ONLY___ ═
2024-08-13 13:25:18,092 INFO     ___FILE_ONLY___ ═
2024-08-13 13:25:18,096 INFO     ___FILE_ONLY___ ═
2024-08-13 13:25:18,099 INFO     ___FILE_ONLY___ ═
2024-08-13 13:25:18,102 INFO     ___FILE_ONLY___ ═
2024-08-13 13:25:18,105 INFO     ___FILE_ONLY___ ═
2024-08-13 13:25:18,109 INFO     ___FILE_ONLY___ ═
2024-08-13 13:25:18,109 INFO     ___FILE_ONLY___ ╝

2024-08-13 13:25:18,112 INFO     ___FILE_ONLY___ ╔════════════════════════════════════════════════════════════╗

2024-08-13 13:25:18,112 INFO     ___FILE_ONLY___ ╠═ Downloading: Cloud Storage Command Line Tool             ═╣

2024-08-13 13:25:18,112 INFO     ___FILE_ONLY___ ╚
2024-08-13 13:25:18,121 DEBUG    urllib3.connectionpool Starting new HTTPS connection (1): dl.google.com:443
2024-08-13 13:25:18,246 DEBUG    urllib3.connectionpool https://dl.google.com:443 "GET /dl/cloudsdk/channels/rapid/components/google-cloud-sdk-gsutil-20240614142823.tar.gz HTTP/1.1" 200 11883175
2024-08-13 13:25:18,309 INFO     ___FILE_ONLY___ ═
2024-08-13 13:25:18,310 INFO     ___FILE_ONLY___ ═
2024-08-13 13:25:18,311 INFO     ___FILE_ONLY___ ═
2024-08-13 13:25:18,311 INFO     ___FILE_ONLY___ ═
2024-08-13 13:25:18,312 INFO     ___FILE_ONLY___ ═
2024-08-13 13:25:18,312 INFO     ___FILE_ONLY___ ═
2024-08-13 13:25:18,313 INFO     ___FILE_ONLY___ ═
2024-08-13 13:25:18,314 INFO     ___FILE_ONLY___ ═
2024-08-13 13:25:18,314 INFO     ___FILE_ONLY___ ═
2024-08-13 13:25:18,315 INFO     ___FILE_ONLY___ ═
2024-08-13 13:25:18,315 INFO     ___FILE_ONLY___ ═
2024-08-13 13:25:18,316 INFO     ___FILE_ONLY___ ═
2024-08-13 13:25:18,317 INFO     ___FILE_ONLY___ ═
2024-08-13 13:25:18,317 INFO     ___FILE_ONLY___ ═
2024-08-13 13:25:18,318 INFO     ___FILE_ONLY___ ═
2024-08-13 13:25:18,319 INFO     ___FILE_ONLY___ ═
2024-08-13 13:25:18,319 INFO     ___FILE_ONLY___ ═
2024-08-13 13:25:18,320 INFO     ___FILE_ONLY___ ═
2024-08-13 13:25:18,320 INFO     ___FILE_ONLY___ ═
2024-08-13 13:25:18,321 INFO     ___FILE_ONLY___ ═
2024-08-13 13:25:18,322 INFO     ___FILE_ONLY___ ═
2024-08-13 13:25:18,322 INFO     ___FILE_ONLY___ ═
2024-08-13 13:25:18,323 INFO     ___FILE_ONLY___ ═
2024-08-13 13:25:18,324 INFO     ___FILE_ONLY___ ═
2024-08-13 13:25:18,324 INFO     ___FILE_ONLY___ ═
2024-08-13 13:25:18,325 INFO     ___FILE_ONLY___ ═
2024-08-13 13:25:18,325 INFO     ___FILE_ONLY___ ═
2024-08-13 13:25:18,326 INFO     ___FILE_ONLY___ ═
2024-08-13 13:25:18,327 INFO     ___FILE_ONLY___ ═
2024-08-13 13:25:18,327 INFO     ___FILE_ONLY___ ═
2024-08-13 13:25:18,328 INFO     ___FILE_ONLY___ ═
2024-08-13 13:25:18,329 INFO     ___FILE_ONLY___ ═
2024-08-13 13:25:18,329 INFO     ___FILE_ONLY___ ═
2024-08-13 13:25:18,330 INFO     ___FILE_ONLY___ ═
2024-08-13 13:25:18,330 INFO     ___FILE_ONLY___ ═
2024-08-13 13:25:18,331 INFO     ___FILE_ONLY___ ═
2024-08-13 13:25:18,332 INFO     ___FILE_ONLY___ ═
2024-08-13 13:25:18,332 INFO     ___FILE_ONLY___ ═
2024-08-13 13:25:18,333 INFO     ___FILE_ONLY___ ═
2024-08-13 13:25:18,334 INFO     ___FILE_ONLY___ ═
2024-08-13 13:25:18,334 INFO     ___FILE_ONLY___ ═
2024-08-13 13:25:18,335 INFO     ___FILE_ONLY___ ═
2024-08-13 13:25:18,335 INFO     ___FILE_ONLY___ ═
2024-08-13 13:25:18,336 INFO     ___FILE_ONLY___ ═
2024-08-13 13:25:18,337 INFO     ___FILE_ONLY___ ═
2024-08-13 13:25:18,337 INFO     ___FILE_ONLY___ ═
2024-08-13 13:25:18,338 INFO     ___FILE_ONLY___ ═
2024-08-13 13:25:18,339 INFO     ___FILE_ONLY___ ═
2024-08-13 13:25:18,339 INFO     ___FILE_ONLY___ ═
2024-08-13 13:25:18,341 INFO     ___FILE_ONLY___ ═
2024-08-13 13:25:18,342 INFO     ___FILE_ONLY___ ═
2024-08-13 13:25:18,342 INFO     ___FILE_ONLY___ ═
2024-08-13 13:25:18,343 INFO     ___FILE_ONLY___ ═
2024-08-13 13:25:18,343 INFO     ___FILE_ONLY___ ═
2024-08-13 13:25:18,344 INFO     ___FILE_ONLY___ ═
2024-08-13 13:25:18,345 INFO     ___FILE_ONLY___ ═
2024-08-13 13:25:18,345 INFO     ___FILE_ONLY___ ═
2024-08-13 13:25:18,346 INFO     ___FILE_ONLY___ ═
2024-08-13 13:25:18,347 INFO     ___FILE_ONLY___ ═
2024-08-13 13:25:18,347 INFO     ___FILE_ONLY___ ═
2024-08-13 13:25:18,347 INFO     ___FILE_ONLY___ ╝

2024-08-13 13:25:18,351 INFO     ___FILE_ONLY___ ╔════════════════════════════════════════════════════════════╗

2024-08-13 13:25:18,351 INFO     ___FILE_ONLY___ ╠═ Downloading: Cloud Storage Command Line Tool (Platfor... ═╣

2024-08-13 13:25:18,351 INFO     ___FILE_ONLY___ ╚
2024-08-13 13:25:18,355 DEBUG    urllib3.connectionpool Starting new HTTPS connection (1): dl.google.com:443
2024-08-13 13:25:18,476 DEBUG    urllib3.connectionpool https://dl.google.com:443 "GET /dl/cloudsdk/channels/rapid/components/google-cloud-sdk-gsutil-nix-20240106004423.tar.gz HTTP/1.1" 200 2042
2024-08-13 13:25:18,477 INFO     ___FILE_ONLY___ ════════════════════════════════════════════════════════════
2024-08-13 13:25:18,477 INFO     ___FILE_ONLY___ ╝

2024-08-13 13:25:18,480 INFO     ___FILE_ONLY___ ╔════════════════════════════════════════════════════════════╗

2024-08-13 13:25:18,481 INFO     ___FILE_ONLY___ ╠═ Downloading: Default set of gcloud commands              ═╣

2024-08-13 13:25:18,481 INFO     ___FILE_ONLY___ ╚
2024-08-13 13:25:18,481 INFO     ___FILE_ONLY___ ════════════════════════════════════════════════════════════
2024-08-13 13:25:18,481 INFO     ___FILE_ONLY___ ╝

2024-08-13 13:25:18,484 INFO     ___FILE_ONLY___ ╔════════════════════════════════════════════════════════════╗

2024-08-13 13:25:18,484 INFO     ___FILE_ONLY___ ╠═ Downloading: Google Cloud CLI Core Libraries (Platfor... ═╣

2024-08-13 13:25:18,484 INFO     ___FILE_ONLY___ ╚
2024-08-13 13:25:18,488 DEBUG    urllib3.connectionpool Starting new HTTPS connection (1): dl.google.com:443
2024-08-13 13:25:18,607 DEBUG    urllib3.connectionpool https://dl.google.com:443 "GET /dl/cloudsdk/channels/rapid/components/google-cloud-sdk-core-nix-20240106004423.tar.gz HTTP/1.1" 200 2410
2024-08-13 13:25:18,608 INFO     ___FILE_ONLY___ ════════════════════════════════════════════════════════════
2024-08-13 13:25:18,608 INFO     ___FILE_ONLY___ ╝

2024-08-13 13:25:18,611 INFO     ___FILE_ONLY___ ╔════════════════════════════════════════════════════════════╗

2024-08-13 13:25:18,611 INFO     ___FILE_ONLY___ ╠═ Downloading: Google Cloud CRC32C Hash Tool               ═╣

2024-08-13 13:25:18,611 INFO     ___FILE_ONLY___ ╚
2024-08-13 13:25:18,611 INFO     ___FILE_ONLY___ ════════════════════════════════════════════════════════════
2024-08-13 13:25:18,612 INFO     ___FILE_ONLY___ ╝

2024-08-13 13:25:18,614 INFO     ___FILE_ONLY___ ╔════════════════════════════════════════════════════════════╗

2024-08-13 13:25:18,614 INFO     ___FILE_ONLY___ ╠═ Downloading: Google Cloud CRC32C Hash Tool (Platform ... ═╣

2024-08-13 13:25:18,614 INFO     ___FILE_ONLY___ ╚
2024-08-13 13:25:18,618 DEBUG    urllib3.connectionpool Starting new HTTPS connection (1): dl.google.com:443
2024-08-13 13:25:18,787 DEBUG    urllib3.connectionpool https://dl.google.com:443 "GET /dl/cloudsdk/channels/rapid/components/google-cloud-sdk-gcloud-crc32c-linux-x86_64-20240712142834.tar.gz HTTP/1.1" 200 1350263
2024-08-13 13:25:18,802 INFO     ___FILE_ONLY___ ═
2024-08-13 13:25:18,803 INFO     ___FILE_ONLY___ ═
2024-08-13 13:25:18,803 INFO     ___FILE_ONLY___ ═
2024-08-13 13:25:18,803 INFO     ___FILE_ONLY___ ═
2024-08-13 13:25:18,803 INFO     ___FILE_ONLY___ ═
2024-08-13 13:25:18,803 INFO     ___FILE_ONLY___ ═
2024-08-13 13:25:18,804 INFO     ___FILE_ONLY___ ═
2024-08-13 13:25:18,804 INFO     ___FILE_ONLY___ ═
2024-08-13 13:25:18,804 INFO     ___FILE_ONLY___ ═
2024-08-13 13:25:18,804 INFO     ___FILE_ONLY___ ═
2024-08-13 13:25:18,804 INFO     ___FILE_ONLY___ ═
2024-08-13 13:25:18,804 INFO     ___FILE_ONLY___ ═
2024-08-13 13:25:18,805 INFO     ___FILE_ONLY___ ═
2024-08-13 13:25:18,805 INFO     ___FILE_ONLY___ ═
2024-08-13 13:25:18,805 INFO     ___FILE_ONLY___ ═
2024-08-13 13:25:18,805 INFO     ___FILE_ONLY___ ═
2024-08-13 13:25:18,805 INFO     ___FILE_ONLY___ ═
2024-08-13 13:25:18,806 INFO     ___FILE_ONLY___ ═
2024-08-13 13:25:18,806 INFO     ___FILE_ONLY___ ═
2024-08-13 13:25:18,806 INFO     ___FILE_ONLY___ ═
2024-08-13 13:25:18,806 INFO     ___FILE_ONLY___ ═
2024-08-13 13:25:18,806 INFO     ___FILE_ONLY___ ═
2024-08-13 13:25:18,807 INFO     ___FILE_ONLY___ ═
2024-08-13 13:25:18,807 INFO     ___FILE_ONLY___ ═
2024-08-13 13:25:18,807 INFO     ___FILE_ONLY___ ═
2024-08-13 13:25:18,807 INFO     ___FILE_ONLY___ ═
2024-08-13 13:25:18,807 INFO     ___FILE_ONLY___ ═
2024-08-13 13:25:18,807 INFO     ___FILE_ONLY___ ═
2024-08-13 13:25:18,808 INFO     ___FILE_ONLY___ ═
2024-08-13 13:25:18,808 INFO     ___FILE_ONLY___ ═
2024-08-13 13:25:18,808 INFO     ___FILE_ONLY___ ═
2024-08-13 13:25:18,808 INFO     ___FILE_ONLY___ ═
2024-08-13 13:25:18,808 INFO     ___FILE_ONLY___ ═
2024-08-13 13:25:18,809 INFO     ___FILE_ONLY___ ═
2024-08-13 13:25:18,809 INFO     ___FILE_ONLY___ ═
2024-08-13 13:25:18,809 INFO     ___FILE_ONLY___ ═
2024-08-13 13:25:18,809 INFO     ___FILE_ONLY___ ═
2024-08-13 13:25:18,809 INFO     ___FILE_ONLY___ ═
2024-08-13 13:25:18,809 INFO     ___FILE_ONLY___ ═
2024-08-13 13:25:18,810 INFO     ___FILE_ONLY___ ═
2024-08-13 13:25:18,810 INFO     ___FILE_ONLY___ ═
2024-08-13 13:25:18,810 INFO     ___FILE_ONLY___ ═
2024-08-13 13:25:18,810 INFO     ___FILE_ONLY___ ═
2024-08-13 13:25:18,810 INFO     ___FILE_ONLY___ ═
2024-08-13 13:25:18,811 INFO     ___FILE_ONLY___ ═
2024-08-13 13:25:18,811 INFO     ___FILE_ONLY___ ═
2024-08-13 13:25:18,811 INFO     ___FILE_ONLY___ ═
2024-08-13 13:25:18,811 INFO     ___FILE_ONLY___ ═
2024-08-13 13:25:18,811 INFO     ___FILE_ONLY___ ═
2024-08-13 13:25:18,811 INFO     ___FILE_ONLY___ ═
2024-08-13 13:25:18,812 INFO     ___FILE_ONLY___ ═
2024-08-13 13:25:18,812 INFO     ___FILE_ONLY___ ═
2024-08-13 13:25:18,812 INFO     ___FILE_ONLY___ ═
2024-08-13 13:25:18,812 INFO     ___FILE_ONLY___ ═
2024-08-13 13:25:18,812 INFO     ___FILE_ONLY___ ═
2024-08-13 13:25:18,813 INFO     ___FILE_ONLY___ ═
2024-08-13 13:25:18,813 INFO     ___FILE_ONLY___ ═
2024-08-13 13:25:18,813 INFO     ___FILE_ONLY___ ═
2024-08-13 13:25:18,813 INFO     ___FILE_ONLY___ ═
2024-08-13 13:25:18,813 INFO     ___FILE_ONLY___ ═
2024-08-13 13:25:18,813 INFO     ___FILE_ONLY___ ╝

2024-08-13 13:25:18,816 INFO     ___FILE_ONLY___ ╔════════════════════════════════════════════════════════════╗

2024-08-13 13:25:18,816 INFO     ___FILE_ONLY___ ╠═ Downloading: gcloud cli dependencies (Platform Specific) ═╣

2024-08-13 13:25:18,817 INFO     ___FILE_ONLY___ ╚
2024-08-13 13:25:18,821 DEBUG    urllib3.connectionpool Starting new HTTPS connection (1): dl.google.com:443
2024-08-13 13:25:18,898 DEBUG    urllib3.connectionpool https://dl.google.com:443 "GET /dl/cloudsdk/channels/rapid/components/google-cloud-sdk-gcloud-deps-linux-x86_64-20210416153011.tar.gz HTTP/1.1" 200 104
2024-08-13 13:25:18,899 INFO     ___FILE_ONLY___ ════════════════════════════════════════════════════════════
2024-08-13 13:25:18,899 INFO     ___FILE_ONLY___ ╝

2024-08-13 13:25:18,902 INFO     ___FILE_ONLY___ ╔════════════════════════════════════════════════════════════╗

2024-08-13 13:25:18,903 INFO     ___FILE_ONLY___ ╠═ Installing: BigQuery Command Line Tool                   ═╣

2024-08-13 13:25:18,903 INFO     ___FILE_ONLY___ ╚
2024-08-13 13:25:19,052 INFO     ___FILE_ONLY___ ═
2024-08-13 13:25:19,056 INFO     ___FILE_ONLY___ ═
2024-08-13 13:25:19,061 INFO     ___FILE_ONLY___ ═
2024-08-13 13:25:19,065 INFO     ___FILE_ONLY___ ═
2024-08-13 13:25:19,070 INFO     ___FILE_ONLY___ ═
2024-08-13 13:25:19,074 INFO     ___FILE_ONLY___ ═
2024-08-13 13:25:19,078 INFO     ___FILE_ONLY___ ═
2024-08-13 13:25:19,082 INFO     ___FILE_ONLY___ ═
2024-08-13 13:25:19,086 INFO     ___FILE_ONLY___ ═
2024-08-13 13:25:19,090 INFO     ___FILE_ONLY___ ═
2024-08-13 13:25:19,094 INFO     ___FILE_ONLY___ ═
2024-08-13 13:25:19,098 INFO     ___FILE_ONLY___ ═
2024-08-13 13:25:19,102 INFO     ___FILE_ONLY___ ═
2024-08-13 13:25:19,105 INFO     ___FILE_ONLY___ ═
2024-08-13 13:25:19,110 INFO     ___FILE_ONLY___ ═
2024-08-13 13:25:19,113 INFO     ___FILE_ONLY___ ═
2024-08-13 13:25:19,119 INFO     ___FILE_ONLY___ ═
2024-08-13 13:25:19,125 INFO     ___FILE_ONLY___ ═
2024-08-13 13:25:19,129 INFO     ___FILE_ONLY___ ═
2024-08-13 13:25:19,133 INFO     ___FILE_ONLY___ ═
2024-08-13 13:25:19,137 INFO     ___FILE_ONLY___ ═
2024-08-13 13:25:19,141 INFO     ___FILE_ONLY___ ═
2024-08-13 13:25:19,144 INFO     ___FILE_ONLY___ ═
2024-08-13 13:25:19,148 INFO     ___FILE_ONLY___ ═
2024-08-13 13:25:19,152 INFO     ___FILE_ONLY___ ═
2024-08-13 13:25:19,155 INFO     ___FILE_ONLY___ ═
2024-08-13 13:25:19,159 INFO     ___FILE_ONLY___ ═
2024-08-13 13:25:19,166 INFO     ___FILE_ONLY___ ═
2024-08-13 13:25:19,169 INFO     ___FILE_ONLY___ ═
2024-08-13 13:25:19,173 INFO     ___FILE_ONLY___ ═
2024-08-13 13:25:19,177 INFO     ___FILE_ONLY___ ═
2024-08-13 13:25:19,181 INFO     ___FILE_ONLY___ ═
2024-08-13 13:25:19,186 INFO     ___FILE_ONLY___ ═
2024-08-13 13:25:19,193 INFO     ___FILE_ONLY___ ═
2024-08-13 13:25:19,205 INFO     ___FILE_ONLY___ ═
2024-08-13 13:25:19,208 INFO     ___FILE_ONLY___ ═
2024-08-13 13:25:19,213 INFO     ___FILE_ONLY___ ═
2024-08-13 13:25:19,220 INFO     ___FILE_ONLY___ ═
2024-08-13 13:25:19,224 INFO     ___FILE_ONLY___ ═
2024-08-13 13:25:19,228 INFO     ___FILE_ONLY___ ═
2024-08-13 13:25:19,232 INFO     ___FILE_ONLY___ ═
2024-08-13 13:25:19,237 INFO     ___FILE_ONLY___ ═
2024-08-13 13:25:19,243 INFO     ___FILE_ONLY___ ═
2024-08-13 13:25:19,246 INFO     ___FILE_ONLY___ ═
2024-08-13 13:25:19,250 INFO     ___FILE_ONLY___ ═
2024-08-13 13:25:19,254 INFO     ___FILE_ONLY___ ═
2024-08-13 13:25:19,258 INFO     ___FILE_ONLY___ ═
2024-08-13 13:25:19,262 INFO     ___FILE_ONLY___ ═
2024-08-13 13:25:19,266 INFO     ___FILE_ONLY___ ═
2024-08-13 13:25:19,269 INFO     ___FILE_ONLY___ ═
2024-08-13 13:25:19,273 INFO     ___FILE_ONLY___ ═
2024-08-13 13:25:19,276 INFO     ___FILE_ONLY___ ═
2024-08-13 13:25:19,280 INFO     ___FILE_ONLY___ ═
2024-08-13 13:25:19,284 INFO     ___FILE_ONLY___ ═
2024-08-13 13:25:19,288 INFO     ___FILE_ONLY___ ═
2024-08-13 13:25:19,291 INFO     ___FILE_ONLY___ ═
2024-08-13 13:25:19,295 INFO     ___FILE_ONLY___ ═
2024-08-13 13:25:19,299 INFO     ___FILE_ONLY___ ═
2024-08-13 13:25:19,302 INFO     ___FILE_ONLY___ ═
2024-08-13 13:25:19,306 INFO     ___FILE_ONLY___ ═
2024-08-13 13:25:19,306 INFO     ___FILE_ONLY___ ╝

2024-08-13 13:25:19,324 INFO     ___FILE_ONLY___ ╔════════════════════════════════════════════════════════════╗

2024-08-13 13:25:19,325 INFO     ___FILE_ONLY___ ╠═ Installing: BigQuery Command Line Tool (Platform Spec... ═╣

2024-08-13 13:25:19,325 INFO     ___FILE_ONLY___ ╚
2024-08-13 13:25:19,327 INFO     ___FILE_ONLY___ ════════════════════════════════════════════════════════════
2024-08-13 13:25:19,327 INFO     ___FILE_ONLY___ ╝

2024-08-13 13:25:19,335 INFO     ___FILE_ONLY___ ╔════════════════════════════════════════════════════════════╗

2024-08-13 13:25:19,335 INFO     ___FILE_ONLY___ ╠═ Installing: Bundled Python 3.11                          ═╣

2024-08-13 13:25:19,335 INFO     ___FILE_ONLY___ ╚
2024-08-13 13:25:19,341 INFO     ___FILE_ONLY___ ════════════════════════════════════════════════════════════
2024-08-13 13:25:19,341 INFO     ___FILE_ONLY___ ╝

2024-08-13 13:25:19,343 INFO     ___FILE_ONLY___ ╔════════════════════════════════════════════════════════════╗

2024-08-13 13:25:19,344 INFO     ___FILE_ONLY___ ╠═ Installing: Bundled Python 3.11 (Platform Specific)      ═╣

2024-08-13 13:25:19,344 INFO     ___FILE_ONLY___ ╚
2024-08-13 13:25:21,787 INFO     ___FILE_ONLY___ ═
2024-08-13 13:25:21,813 INFO     ___FILE_ONLY___ ═
2024-08-13 13:25:21,841 INFO     ___FILE_ONLY___ ═
2024-08-13 13:25:21,867 INFO     ___FILE_ONLY___ ═
2024-08-13 13:25:21,894 INFO     ___FILE_ONLY___ ═
2024-08-13 13:25:21,921 INFO     ___FILE_ONLY___ ═
2024-08-13 13:25:21,947 INFO     ___FILE_ONLY___ ═
2024-08-13 13:25:21,972 INFO     ___FILE_ONLY___ ═
2024-08-13 13:25:21,998 INFO     ___FILE_ONLY___ ═
2024-08-13 13:25:22,025 INFO     ___FILE_ONLY___ ═
2024-08-13 13:25:22,050 INFO     ___FILE_ONLY___ ═
2024-08-13 13:25:22,078 INFO     ___FILE_ONLY___ ═
2024-08-13 13:25:22,102 INFO     ___FILE_ONLY___ ═
2024-08-13 13:25:22,129 INFO     ___FILE_ONLY___ ═
2024-08-13 13:25:22,155 INFO     ___FILE_ONLY___ ═
2024-08-13 13:25:22,182 INFO     ___FILE_ONLY___ ═
2024-08-13 13:25:22,209 INFO     ___FILE_ONLY___ ═
2024-08-13 13:25:22,237 INFO     ___FILE_ONLY___ ═
2024-08-13 13:25:22,264 INFO     ___FILE_ONLY___ ═
2024-08-13 13:25:22,293 INFO     ___FILE_ONLY___ ═
2024-08-13 13:25:22,318 INFO     ___FILE_ONLY___ ═
2024-08-13 13:25:22,344 INFO     ___FILE_ONLY___ ═
2024-08-13 13:25:22,370 INFO     ___FILE_ONLY___ ═
2024-08-13 13:25:22,396 INFO     ___FILE_ONLY___ ═
2024-08-13 13:25:22,422 INFO     ___FILE_ONLY___ ═
2024-08-13 13:25:22,447 INFO     ___FILE_ONLY___ ═
2024-08-13 13:25:22,473 INFO     ___FILE_ONLY___ ═
2024-08-13 13:25:22,498 INFO     ___FILE_ONLY___ ═
2024-08-13 13:25:22,530 INFO     ___FILE_ONLY___ ═
2024-08-13 13:25:22,557 INFO     ___FILE_ONLY___ ═
2024-08-13 13:25:22,583 INFO     ___FILE_ONLY___ ═
2024-08-13 13:25:22,610 INFO     ___FILE_ONLY___ ═
2024-08-13 13:25:22,638 INFO     ___FILE_ONLY___ ═
2024-08-13 13:25:22,669 INFO     ___FILE_ONLY___ ═
2024-08-13 13:25:23,165 INFO     ___FILE_ONLY___ ═
2024-08-13 13:25:23,203 INFO     ___FILE_ONLY___ ═
2024-08-13 13:25:23,233 INFO     ___FILE_ONLY___ ═
2024-08-13 13:25:23,263 INFO     ___FILE_ONLY___ ═
2024-08-13 13:25:23,299 INFO     ___FILE_ONLY___ ═
2024-08-13 13:25:23,343 INFO     ___FILE_ONLY___ ═
2024-08-13 13:25:23,382 INFO     ___FILE_ONLY___ ═
2024-08-13 13:25:23,420 INFO     ___FILE_ONLY___ ═
2024-08-13 13:25:23,595 INFO     ___FILE_ONLY___ ═
2024-08-13 13:25:23,629 INFO     ___FILE_ONLY___ ═
2024-08-13 13:25:23,749 INFO     ___FILE_ONLY___ ═
2024-08-13 13:25:23,782 INFO     ___FILE_ONLY___ ═
2024-08-13 13:25:23,820 INFO     ___FILE_ONLY___ ═
2024-08-13 13:25:23,855 INFO     ___FILE_ONLY___ ═
2024-08-13 13:25:23,888 INFO     ___FILE_ONLY___ ═
2024-08-13 13:25:23,930 INFO     ___FILE_ONLY___ ═
2024-08-13 13:25:23,970 INFO     ___FILE_ONLY___ ═
2024-08-13 13:25:24,037 INFO     ___FILE_ONLY___ ═
2024-08-13 13:25:24,070 INFO     ___FILE_ONLY___ ═
2024-08-13 13:25:24,103 INFO     ___FILE_ONLY___ ═
2024-08-13 13:25:24,142 INFO     ___FILE_ONLY___ ═
2024-08-13 13:25:24,180 INFO     ___FILE_ONLY___ ═
2024-08-13 13:25:24,225 INFO     ___FILE_ONLY___ ═
2024-08-13 13:25:25,651 INFO     ___FILE_ONLY___ ═
2024-08-13 13:25:25,681 INFO     ___FILE_ONLY___ ═
2024-08-13 13:25:25,711 INFO     ___FILE_ONLY___ ═
2024-08-13 13:25:25,711 INFO     ___FILE_ONLY___ ╝

2024-08-13 13:25:25,841 INFO     ___FILE_ONLY___ ╔════════════════════════════════════════════════════════════╗

2024-08-13 13:25:25,842 INFO     ___FILE_ONLY___ ╠═ Installing: Cloud Storage Command Line Tool              ═╣

2024-08-13 13:25:25,842 INFO     ___FILE_ONLY___ ╚
2024-08-13 13:25:26,696 INFO     ___FILE_ONLY___ ═
2024-08-13 13:25:26,719 INFO     ___FILE_ONLY___ ═
2024-08-13 13:25:26,743 INFO     ___FILE_ONLY___ ═
2024-08-13 13:25:26,774 INFO     ___FILE_ONLY___ ═
2024-08-13 13:25:26,802 INFO     ___FILE_ONLY___ ═
2024-08-13 13:25:26,835 INFO     ___FILE_ONLY___ ═
2024-08-13 13:25:26,860 INFO     ___FILE_ONLY___ ═
2024-08-13 13:25:26,896 INFO     ___FILE_ONLY___ ═
2024-08-13 13:25:26,920 INFO     ___FILE_ONLY___ ═
2024-08-13 13:25:26,943 INFO     ___FILE_ONLY___ ═
2024-08-13 13:25:26,964 INFO     ___FILE_ONLY___ ═
2024-08-13 13:25:27,027 INFO     ___FILE_ONLY___ ═
2024-08-13 13:25:27,048 INFO     ___FILE_ONLY___ ═
2024-08-13 13:25:27,071 INFO     ___FILE_ONLY___ ═
2024-08-13 13:25:27,095 INFO     ___FILE_ONLY___ ═
2024-08-13 13:25:27,114 INFO     ___FILE_ONLY___ ═
2024-08-13 13:25:27,133 INFO     ___FILE_ONLY___ ═
2024-08-13 13:25:27,154 INFO     ___FILE_ONLY___ ═
2024-08-13 13:25:27,175 INFO     ___FILE_ONLY___ ═
2024-08-13 13:25:27,196 INFO     ___FILE_ONLY___ ═
2024-08-13 13:25:27,215 INFO     ___FILE_ONLY___ ═
2024-08-13 13:25:27,234 INFO     ___FILE_ONLY___ ═
2024-08-13 13:25:27,253 INFO     ___FILE_ONLY___ ═
2024-08-13 13:25:27,276 INFO     ___FILE_ONLY___ ═
2024-08-13 13:25:27,296 INFO     ___FILE_ONLY___ ═
2024-08-13 13:25:27,320 INFO     ___FILE_ONLY___ ═
2024-08-13 13:25:27,344 INFO     ___FILE_ONLY___ ═
2024-08-13 13:25:27,366 INFO     ___FILE_ONLY___ ═
2024-08-13 13:25:27,391 INFO     ___FILE_ONLY___ ═
2024-08-13 13:25:27,422 INFO     ___FILE_ONLY___ ═
2024-08-13 13:25:27,443 INFO     ___FILE_ONLY___ ═
2024-08-13 13:25:27,465 INFO     ___FILE_ONLY___ ═
2024-08-13 13:25:27,484 INFO     ___FILE_ONLY___ ═
2024-08-13 13:25:27,512 INFO     ___FILE_ONLY___ ═
2024-08-13 13:25:27,536 INFO     ___FILE_ONLY___ ═
2024-08-13 13:25:27,562 INFO     ___FILE_ONLY___ ═
2024-08-13 13:25:27,587 INFO     ___FILE_ONLY___ ═
2024-08-13 13:25:27,614 INFO     ___FILE_ONLY___ ═
2024-08-13 13:25:27,639 INFO     ___FILE_ONLY___ ═
2024-08-13 13:25:27,668 INFO     ___FILE_ONLY___ ═
2024-08-13 13:25:27,692 INFO     ___FILE_ONLY___ ═
2024-08-13 13:25:27,713 INFO     ___FILE_ONLY___ ═
2024-08-13 13:25:27,734 INFO     ___FILE_ONLY___ ═
2024-08-13 13:25:27,760 INFO     ___FILE_ONLY___ ═
2024-08-13 13:25:27,785 INFO     ___FILE_ONLY___ ═
2024-08-13 13:25:27,809 INFO     ___FILE_ONLY___ ═
2024-08-13 13:25:27,835 INFO     ___FILE_ONLY___ ═
2024-08-13 13:25:27,857 INFO     ___FILE_ONLY___ ═
2024-08-13 13:25:27,883 INFO     ___FILE_ONLY___ ═
2024-08-13 13:25:27,905 INFO     ___FILE_ONLY___ ═
2024-08-13 13:25:27,925 INFO     ___FILE_ONLY___ ═
2024-08-13 13:25:27,946 INFO     ___FILE_ONLY___ ═
2024-08-13 13:25:27,971 INFO     ___FILE_ONLY___ ═
2024-08-13 13:25:27,990 INFO     ___FILE_ONLY___ ═
2024-08-13 13:25:28,011 INFO     ___FILE_ONLY___ ═
2024-08-13 13:25:28,030 INFO     ___FILE_ONLY___ ═
2024-08-13 13:25:28,050 INFO     ___FILE_ONLY___ ═
2024-08-13 13:25:28,084 INFO     ___FILE_ONLY___ ═
2024-08-13 13:25:28,113 INFO     ___FILE_ONLY___ ═
2024-08-13 13:25:28,142 INFO     ___FILE_ONLY___ ═
2024-08-13 13:25:28,143 INFO     ___FILE_ONLY___ ╝

2024-08-13 13:25:28,225 INFO     ___FILE_ONLY___ ╔════════════════════════════════════════════════════════════╗

2024-08-13 13:25:28,226 INFO     ___FILE_ONLY___ ╠═ Installing: Cloud Storage Command Line Tool (Platform... ═╣

2024-08-13 13:25:28,226 INFO     ___FILE_ONLY___ ╚
2024-08-13 13:25:28,227 INFO     ___FILE_ONLY___ ════════════════════════════════════════════════════════════
2024-08-13 13:25:28,227 INFO     ___FILE_ONLY___ ╝

2024-08-13 13:25:28,235 INFO     ___FILE_ONLY___ ╔════════════════════════════════════════════════════════════╗

2024-08-13 13:25:28,235 INFO     ___FILE_ONLY___ ╠═ Installing: Default set of gcloud commands               ═╣

2024-08-13 13:25:28,235 INFO     ___FILE_ONLY___ ╚
2024-08-13 13:25:28,241 INFO     ___FILE_ONLY___ ════════════════════════════════════════════════════════════
2024-08-13 13:25:28,241 INFO     ___FILE_ONLY___ ╝

2024-08-13 13:25:28,243 INFO     ___FILE_ONLY___ ╔════════════════════════════════════════════════════════════╗

2024-08-13 13:25:28,244 INFO     ___FILE_ONLY___ ╠═ Installing: Google Cloud CLI Core Libraries (Platform... ═╣

2024-08-13 13:25:28,244 INFO     ___FILE_ONLY___ ╚
2024-08-13 13:25:28,245 INFO     ___FILE_ONLY___ ══════════════════════════════
2024-08-13 13:25:28,246 INFO     ___FILE_ONLY___ ══════════════════════════════
2024-08-13 13:25:28,246 INFO     ___FILE_ONLY___ ╝

2024-08-13 13:25:28,254 INFO     ___FILE_ONLY___ ╔════════════════════════════════════════════════════════════╗

2024-08-13 13:25:28,254 INFO     ___FILE_ONLY___ ╠═ Installing: Google Cloud CRC32C Hash Tool                ═╣

2024-08-13 13:25:28,254 INFO     ___FILE_ONLY___ ╚
2024-08-13 13:25:28,260 INFO     ___FILE_ONLY___ ════════════════════════════════════════════════════════════
2024-08-13 13:25:28,260 INFO     ___FILE_ONLY___ ╝

2024-08-13 13:25:28,263 INFO     ___FILE_ONLY___ ╔════════════════════════════════════════════════════════════╗

2024-08-13 13:25:28,263 INFO     ___FILE_ONLY___ ╠═ Installing: Google Cloud CRC32C Hash Tool (Platform S... ═╣

2024-08-13 13:25:28,263 INFO     ___FILE_ONLY___ ╚
2024-08-13 13:25:28,303 INFO     ___FILE_ONLY___ ══════════════════════════════
2024-08-13 13:25:28,304 INFO     ___FILE_ONLY___ ══════════════════════════════
2024-08-13 13:25:28,304 INFO     ___FILE_ONLY___ ╝

2024-08-13 13:25:28,313 INFO     ___FILE_ONLY___ ╔════════════════════════════════════════════════════════════╗

2024-08-13 13:25:28,313 INFO     ___FILE_ONLY___ ╠═ Installing: gcloud cli dependencies (Platform Specific)  ═╣

2024-08-13 13:25:28,313 INFO     ___FILE_ONLY___ ╚
2024-08-13 13:25:28,314 INFO     ___FILE_ONLY___ ════════════════════════════════════════════════════════════
2024-08-13 13:25:28,314 INFO     ___FILE_ONLY___ ╝

2024-08-13 13:25:28,324 DEBUG    root            Updating notification cache...
2024-08-13 13:25:28,325 INFO     ___FILE_ONLY___ 

2024-08-13 13:25:28,327 INFO     ___FILE_ONLY___ Performing post processing steps...
2024-08-13 13:25:28,328 DEBUG    root            Executing command: ['/tools/google-cloud-sdk/bin/gcloud', 'components', 'post-process']
2024-08-13 13:25:43,426 DEBUG    ___FILE_ONLY___ 
2024-08-13 13:25:43,426 DEBUG    ___FILE_ONLY___ 
2024-08-13 13:25:43,617 INFO     ___FILE_ONLY___ 
Update done!


2024-08-13 13:25:43,622 DEBUG    root            Chosen display Format:none
2024-08-13 13:25:43,622 INFO     root            Display format: "none"
