2024-08-13 13:25:44,352 DEBUG    root            Loaded Command Group: ['gcloud', 'components']
2024-08-13 13:25:44,355 DEBUG    root            Loaded Command Group: ['gcloud', 'components', 'update']
2024-08-13 13:25:44,358 DEBUG    root            Running [gcloud.components.update] with arguments: [--quiet: "True", COMPONENT-IDS:8: "['gcloud', 'core', 'bq', 'gsutil', 'compute', 'preview', 'alpha', 'beta']"]
2024-08-13 13:25:44,360 INFO     ___FILE_ONLY___ Beginning update. This process may take several minutes.

2024-08-13 13:25:44,372 DEBUG    urllib3.connectionpool Starting new HTTPS connection (1): dl.google.com:443
2024-08-13 13:25:44,500 DEBUG    urllib3.connectionpool https://dl.google.com:443 "GET /dl/cloudsdk/channels/rapid/components-2.json HTTP/1.1" 200 223380
2024-08-13 13:25:44,541 WARNING  root            Component [preview] no longer exists.
2024-08-13 13:25:44,542 WARNING  root            Component [compute] no longer exists.
2024-08-13 13:25:44,543 INFO     ___FILE_ONLY___ 

2024-08-13 13:25:44,543 INFO     ___FILE_ONLY___ 
Your current Google Cloud CLI version is: 488.0.0

2024-08-13 13:25:44,543 INFO     ___FILE_ONLY___ Installing components from version: 488.0.0

2024-08-13 13:25:44,543 INFO     ___FILE_ONLY___ 

2024-08-13 13:25:44,544 DEBUG    root            Chosen display Format:table[box,title="These components will be removed."](details.display_name:label=Name:align=left,version.version_string:label=Version:align=right,data.size.size(zero="",min=1048576):label=Size:align=right)
2024-08-13 13:25:44,545 DEBUG    root            Chosen display Format:table[box,title="These components will be updated."](details.display_name:label=Name:align=left,version.version_string:label=Version:align=right,data.size.size(zero="",min=1048576):label=Size:align=right)
2024-08-13 13:25:44,545 DEBUG    root            Chosen display Format:table[box,title="These components will be installed."](details.display_name:label=Name:align=left,version.version_string:label=Version:align=right,data.size.size(zero="",min=1048576):label=Size:align=right)
2024-08-13 13:25:44,568 INFO     ___FILE_ONLY___ ┌──────────────────────────────────────────────┐
2024-08-13 13:25:44,568 INFO     ___FILE_ONLY___ 

2024-08-13 13:25:44,569 INFO     ___FILE_ONLY___ │     These components will be installed.      │
2024-08-13 13:25:44,569 INFO     ___FILE_ONLY___ 

2024-08-13 13:25:44,569 INFO     ___FILE_ONLY___ ├───────────────────────┬────────────┬─────────┤
2024-08-13 13:25:44,569 INFO     ___FILE_ONLY___ 

2024-08-13 13:25:44,569 INFO     ___FILE_ONLY___ │          Name         │  Version   │   Size  │
2024-08-13 13:25:44,569 INFO     ___FILE_ONLY___ 

2024-08-13 13:25:44,569 INFO     ___FILE_ONLY___ ├───────────────────────┼────────────┼─────────┤
2024-08-13 13:25:44,569 INFO     ___FILE_ONLY___ 

2024-08-13 13:25:44,570 INFO     ___FILE_ONLY___ │ 
2024-08-13 13:25:44,570 INFO     ___FILE_ONLY___ gcloud Alpha Commands
2024-08-13 13:25:44,570 INFO     ___FILE_ONLY___  
2024-08-13 13:25:44,570 INFO     ___FILE_ONLY___ │ 
2024-08-13 13:25:44,570 INFO     ___FILE_ONLY___ 2024.08.09
2024-08-13 13:25:44,570 INFO     ___FILE_ONLY___  
2024-08-13 13:25:44,570 INFO     ___FILE_ONLY___ │ 
2024-08-13 13:25:44,570 INFO     ___FILE_ONLY___ < 1 MiB
2024-08-13 13:25:44,570 INFO     ___FILE_ONLY___  
2024-08-13 13:25:44,571 INFO     ___FILE_ONLY___ │
2024-08-13 13:25:44,571 INFO     ___FILE_ONLY___ 

2024-08-13 13:25:44,571 INFO     ___FILE_ONLY___ │ 
2024-08-13 13:25:44,571 INFO     ___FILE_ONLY___ gcloud Beta Commands 
2024-08-13 13:25:44,571 INFO     ___FILE_ONLY___  
2024-08-13 13:25:44,571 INFO     ___FILE_ONLY___ │ 
2024-08-13 13:25:44,571 INFO     ___FILE_ONLY___ 2024.08.09
2024-08-13 13:25:44,571 INFO     ___FILE_ONLY___  
2024-08-13 13:25:44,571 INFO     ___FILE_ONLY___ │ 
2024-08-13 13:25:44,572 INFO     ___FILE_ONLY___ < 1 MiB
2024-08-13 13:25:44,572 INFO     ___FILE_ONLY___  
2024-08-13 13:25:44,572 INFO     ___FILE_ONLY___ │
2024-08-13 13:25:44,572 INFO     ___FILE_ONLY___ 

2024-08-13 13:25:44,572 INFO     ___FILE_ONLY___ └───────────────────────┴────────────┴─────────┘
2024-08-13 13:25:44,572 INFO     ___FILE_ONLY___ 

2024-08-13 13:25:44,572 INFO     ___FILE_ONLY___ 

2024-08-13 13:25:44,576 DEBUG    urllib3.connectionpool Starting new HTTPS connection (1): dl.google.com:443
2024-08-13 13:25:44,704 DEBUG    urllib3.connectionpool https://dl.google.com:443 "GET /dl/cloudsdk/channels/rapid/RELEASE_NOTES HTTP/1.1" 200 1256061
2024-08-13 13:25:44,780 INFO     ___FILE_ONLY___ For the latest full release notes, please visit:
  https://cloud.google.com/sdk/release_notes


2024-08-13 13:25:44,780 INFO     ___FILE_ONLY___ Performing in place update...


2024-08-13 13:25:44,783 INFO     ___FILE_ONLY___ ╔════════════════════════════════════════════════════════════╗

2024-08-13 13:25:44,783 INFO     ___FILE_ONLY___ ╠═ Downloading: gcloud Alpha Commands                       ═╣

2024-08-13 13:25:44,783 INFO     ___FILE_ONLY___ ╚
2024-08-13 13:25:44,787 DEBUG    urllib3.connectionpool Starting new HTTPS connection (1): dl.google.com:443
2024-08-13 13:25:44,904 DEBUG    urllib3.connectionpool https://dl.google.com:443 "GET /dl/cloudsdk/channels/rapid/components/google-cloud-sdk-alpha-20240809134940.tar.gz HTTP/1.1" 200 800
2024-08-13 13:25:44,905 INFO     ___FILE_ONLY___ ════════════════════════════════════════════════════════════
2024-08-13 13:25:44,905 INFO     ___FILE_ONLY___ ╝

2024-08-13 13:25:44,908 INFO     ___FILE_ONLY___ ╔════════════════════════════════════════════════════════════╗

2024-08-13 13:25:44,908 INFO     ___FILE_ONLY___ ╠═ Downloading: gcloud Beta Commands                        ═╣

2024-08-13 13:25:44,908 INFO     ___FILE_ONLY___ ╚
2024-08-13 13:25:44,912 DEBUG    urllib3.connectionpool Starting new HTTPS connection (1): dl.google.com:443
2024-08-13 13:25:45,038 DEBUG    urllib3.connectionpool https://dl.google.com:443 "GET /dl/cloudsdk/channels/rapid/components/google-cloud-sdk-beta-20240809134940.tar.gz HTTP/1.1" 200 797
2024-08-13 13:25:45,039 INFO     ___FILE_ONLY___ ════════════════════════════════════════════════════════════
2024-08-13 13:25:45,039 INFO     ___FILE_ONLY___ ╝

2024-08-13 13:25:45,042 INFO     ___FILE_ONLY___ ╔════════════════════════════════════════════════════════════╗

2024-08-13 13:25:45,042 INFO     ___FILE_ONLY___ ╠═ Installing: gcloud Alpha Commands                        ═╣

2024-08-13 13:25:45,042 INFO     ___FILE_ONLY___ ╚
2024-08-13 13:25:45,044 INFO     ___FILE_ONLY___ ════════════════════════════════════════════════════════════
2024-08-13 13:25:45,044 INFO     ___FILE_ONLY___ ╝

2024-08-13 13:25:45,054 INFO     ___FILE_ONLY___ ╔════════════════════════════════════════════════════════════╗

2024-08-13 13:25:45,054 INFO     ___FILE_ONLY___ ╠═ Installing: gcloud Beta Commands                         ═╣

2024-08-13 13:25:45,054 INFO     ___FILE_ONLY___ ╚
2024-08-13 13:25:45,055 INFO     ___FILE_ONLY___ ════════════════════════════════════════════════════════════
2024-08-13 13:25:45,055 INFO     ___FILE_ONLY___ ╝

2024-08-13 13:25:45,066 DEBUG    root            Updating notification cache...
2024-08-13 13:25:45,067 INFO     ___FILE_ONLY___ 

2024-08-13 13:25:45,069 INFO     ___FILE_ONLY___ Performing post processing steps...
2024-08-13 13:25:45,070 DEBUG    root            Executing command: ['/tools/google-cloud-sdk/bin/gcloud', 'components', 'post-process']
2024-08-13 13:26:00,177 DEBUG    ___FILE_ONLY___ 
2024-08-13 13:26:00,177 DEBUG    ___FILE_ONLY___ 
2024-08-13 13:26:00,352 INFO     ___FILE_ONLY___ 
Update done!


2024-08-13 13:26:00,357 DEBUG    root            Chosen display Format:none
2024-08-13 13:26:00,357 INFO     root            Display format: "none"
